# JRE version: Java(TM) SE Runtime Environment (8.0_231-b11) (build 1.8.0_231-b11)
# Java VM: Java HotSpot(TM) 64-Bit Server VM (25.231-b11 mixed mode linux-amd64 compressed oops)
Heap:
 PSYoungGen      total 32768K, used 28160K [0x00000000dba00000, 0x00000000dde80000, 0x0000000100000000)
  eden space 28160K, 100% used [0x00000000dba00000,0x00000000dd580000,0x00000000dd580000)
  from space 4608K, 0% used [0x00000000dda00000,0x00000000dda00000,0x00000000dde80000)
  to   space 4608K, 0% used [0x00000000dd580000,0x00000000dd580000,0x00000000dda00000)
 ParOldGen       total 41984K, used 8226K [0x0000000092e00000, 0x0000000095700000, 0x00000000dba00000)
  object space 41984K, 19% used [0x0000000092e00000,0x0000000093608b78,0x0000000095700000)
 Metaspace       used 22511K, capacity 23638K, committed 23936K, reserved 1069056K
  class space    used 3066K, capacity 3336K, committed 3456K, reserved 1048576K
GC Heap History (6 events):
Event: 1,289 GC heap before
{Heap before GC invocations=1 (full 0):
 PSYoungGen      total 32768K, used 28160K [0x00000000dba00000, 0x00000000dde80000, 0x0000000100000000)
  eden space 28160K, 100% used [0x00000000dba00000,0x00000000dd580000,0x00000000dd580000)
  from space 4608K, 0% used [0x00000000dda00000,0x00000000dda00000,0x00000000dde80000)
  to   space 4608K, 0% used [0x00000000dd580000,0x00000000dd580000,0x00000000dda00000)
 ParOldGen       total 75264K, used 0K [0x0000000092e00000, 0x0000000097780000, 0x00000000dba00000)
  object space 75264K, 0% used [0x0000000092e00000,0x0000000092e00000,0x0000000097780000)
 Metaspace       used 13415K, capacity 13930K, committed 14080K, reserved 1060864K
  class space    used 1874K, capacity 2037K, committed 2048K, reserved 1048576K
Event: 1,300 GC heap after
Heap after GC invocations=1 (full 0):
 PSYoungGen      total 32768K, used 4577K [0x00000000dba00000, 0x00000000dde80000, 0x0000000100000000)
  eden space 28160K, 0% used [0x00000000dba00000,0x00000000dba00000,0x00000000dd580000)
  from space 4608K, 99% used [0x00000000dd580000,0x00000000dd9f8450,0x00000000dda00000)
  to   space 4608K, 0% used [0x00000000dda00000,0x00000000dda00000,0x00000000dde80000)
 ParOldGen       total 75264K, used 2449K [0x0000000092e00000, 0x0000000097780000, 0x00000000dba00000)
  object space 75264K, 3% used [0x0000000092e00000,0x0000000093064690,0x0000000097780000)
 Metaspace       used 13415K, capacity 13930K, committed 14080K, reserved 1060864K
  class space    used 1874K, capacity 2037K, committed 2048K, reserved 1048576K
}
Event: 34,067 GC heap before
{Heap before GC invocations=2 (full 0):
 PSYoungGen      total 32768K, used 25106K [0x00000000dba00000, 0x00000000dde80000, 0x0000000100000000)
  eden space 28160K, 72% used [0x00000000dba00000,0x00000000dce0c5a8,0x00000000dd580000)
  from space 4608K, 99% used [0x00000000dd580000,0x00000000dd9f8450,0x00000000dda00000)
  to   space 4608K, 0% used [0x00000000dda00000,0x00000000dda00000,0x00000000dde80000)
 ParOldGen       total 75264K, used 2449K [0x0000000092e00000, 0x0000000097780000, 0x00000000dba00000)
  object space 75264K, 3% used [0x0000000092e00000,0x0000000093064690,0x0000000097780000)
 Metaspace       used 20392K, capacity 21148K, committed 21248K, reserved 1067008K
  class space    used 2814K, capacity 3029K, committed 3072K, reserved 1048576K
Event: 34,079 GC heap after
Heap after GC invocations=2 (full 0):
 PSYoungGen      total 32768K, used 4605K [0x00000000dba00000, 0x00000000dde80000, 0x0000000100000000)
  eden space 28160K, 0% used [0x00000000dba00000,0x00000000dba00000,0x00000000dd580000)
  from space 4608K, 99% used [0x00000000dda00000,0x00000000dde7f758,0x00000000dde80000)
  to   space 4608K, 0% used [0x00000000dd580000,0x00000000dd580000,0x00000000dda00000)
 ParOldGen       total 75264K, used 7014K [0x0000000092e00000, 0x0000000097780000, 0x00000000dba00000)
  object space 75264K, 9% used [0x0000000092e00000,0x00000000934d9838,0x0000000097780000)
 Metaspace       used 20392K, capacity 21148K, committed 21248K, reserved 1067008K
  class space    used 2814K, capacity 3029K, committed 3072K, reserved 1048576K
}
Event: 34,079 GC heap before
{Heap before GC invocations=3 (full 1):
 PSYoungGen      total 32768K, used 4605K [0x00000000dba00000, 0x00000000dde80000, 0x0000000100000000)
  eden space 28160K, 0% used [0x00000000dba00000,0x00000000dba00000,0x00000000dd580000)
  from space 4608K, 99% used [0x00000000dda00000,0x00000000dde7f758,0x00000000dde80000)
  to   space 4608K, 0% used [0x00000000dd580000,0x00000000dd580000,0x00000000dda00000)
 ParOldGen       total 75264K, used 7014K [0x0000000092e00000, 0x0000000097780000, 0x00000000dba00000)
  object space 75264K, 9% used [0x0000000092e00000,0x00000000934d9838,0x0000000097780000)
 Metaspace       used 20392K, capacity 21148K, committed 21248K, reserved 1067008K
  class space    used 2814K, capacity 3029K, committed 3072K, reserved 1048576K
Event: 34,115 GC heap after
Heap after GC invocations=3 (full 1):
 PSYoungGen      total 32768K, used 0K [0x00000000dba00000, 0x00000000dde80000, 0x0000000100000000)
  eden space 28160K, 0% used [0x00000000dba00000,0x00000000dba00000,0x00000000dd580000)
  from space 4608K, 0% used [0x00000000dda00000,0x00000000dda00000,0x00000000dde80000)
  to   space 4608K, 0% used [0x00000000dd580000,0x00000000dd580000,0x00000000dda00000)
 ParOldGen       total 41984K, used 8226K [0x0000000092e00000, 0x0000000095700000, 0x00000000dba00000)
  object space 41984K, 19% used [0x0000000092e00000,0x0000000093608b78,0x0000000095700000)
 Metaspace       used 20392K, capacity 21148K, committed 21248K, reserved 1067008K
  class space    used 2814K, capacity 3029K, committed 3072K, reserved 1048576K
}

